<?xml version="1.0" encoding="UTF-8"?>
<coverage generated="1650009590173" clover="3.2.0">
  <project timestamp="1650009590173" name="All files">
    <metrics statements="33" coveredstatements="27" conditionals="20" coveredconditionals="10" methods="12" coveredmethods="12" elements="65" coveredelements="49" complexity="0" loc="33" ncloc="33" packages="1" files="1" classes="1"/>
    <file name="bitmap.js" path="/Users/fanxinqi/Documents/code/me/mm-rocket/packages/bitmap/lib/bitmap.js">
      <metrics statements="33" coveredstatements="27" conditionals="20" coveredconditionals="10" methods="12" coveredmethods="12"/>
      <line num="9" count="1" type="stmt"/>
      <line num="10" count="1" type="cond" truecount="3" falsecount="1"/>
      <line num="11" count="1" type="stmt"/>
      <line num="12" count="0" type="cond" truecount="0" falsecount="4"/>
      <line num="13" count="0" type="stmt"/>
      <line num="14" count="0" type="cond" truecount="0" falsecount="2"/>
      <line num="15" count="0" type="stmt"/>
      <line num="17" count="0" type="stmt"/>
      <line num="19" count="1" type="stmt"/>
      <line num="21" count="1" type="stmt"/>
      <line num="29" count="1" type="stmt"/>
      <line num="39" count="1" type="stmt"/>
      <line num="46" count="1" type="stmt"/>
      <line num="51" count="2" type="stmt"/>
      <line num="52" count="2" type="cond" truecount="1" falsecount="1"/>
      <line num="53" count="0" type="stmt"/>
      <line num="56" count="2" type="stmt"/>
      <line num="63" count="2" type="stmt"/>
      <line num="66" count="2" type="stmt"/>
      <line num="71" count="1" type="stmt"/>
      <line num="73" count="1" type="stmt"/>
      <line num="74" count="2" type="stmt"/>
      <line num="75" count="3" type="cond" truecount="3" falsecount="1"/>
      <line num="76" count="3" type="stmt"/>
      <line num="83" count="1" type="stmt"/>
      <line num="84" count="6" type="stmt"/>
      <line num="88" count="1" type="stmt"/>
      <line num="90" count="1" type="stmt"/>
      <line num="91" count="2" type="cond" truecount="3" falsecount="1"/>
      <line num="92" count="2" type="stmt"/>
      <line num="94" count="2" type="stmt"/>
      <line num="103" count="1" type="stmt"/>
      <line num="105" count="1" type="stmt"/>
    </file>
  </project>
</coverage>
