{"/Users/fanxinqi/Documents/code/me/mm-rocket/packages/bitmap/lib/bitmap.js": {"path":"/Users/fanxinqi/Documents/code/me/mm-rocket/packages/bitmap/lib/bitmap.js","statementMap":{"0":{"start":{"line":9,"column":0},"end":{"line":108,"column":3}},"1":{"start":{"line":10,"column":1},"end":{"line":17,"column":29}},"2":{"start":{"line":11,"column":2},"end":{"line":11,"column":29}},"3":{"start":{"line":12,"column":6},"end":{"line":17,"column":29}},"4":{"start":{"line":13,"column":2},"end":{"line":13,"column":22}},"5":{"start":{"line":14,"column":6},"end":{"line":17,"column":29}},"6":{"start":{"line":15,"column":2},"end":{"line":15,"column":32}},"7":{"start":{"line":17,"column":2},"end":{"line":17,"column":29}},"8":{"start":{"line":19,"column":0},"end":{"line":107,"column":1}},"9":{"start":{"line":21,"column":37},"end":{"line":43,"column":11}},"10":{"start":{"line":29,"column":0},"end":{"line":29,"column":2246}},"11":{"start":{"line":39,"column":0},"end":{"line":39,"column":1255}},"12":{"start":{"line":46,"column":41},"end":{"line":46,"column":43}},"13":{"start":{"line":51,"column":30},"end":{"line":51,"column":64}},"14":{"start":{"line":52,"column":11},"end":{"line":54,"column":12}},"15":{"start":{"line":53,"column":12},"end":{"line":53,"column":40}},"16":{"start":{"line":56,"column":24},"end":{"line":60,"column":12}},"17":{"start":{"line":63,"column":11},"end":{"line":63,"column":86}},"18":{"start":{"line":66,"column":11},"end":{"line":66,"column":33}},"19":{"start":{"line":71,"column":10},"end":{"line":80,"column":15}},"20":{"start":{"line":73,"column":11},"end":{"line":79,"column":13}},"21":{"start":{"line":74,"column":12},"end":{"line":78,"column":13}},"22":{"start":{"line":75,"column":13},"end":{"line":77,"column":14}},"23":{"start":{"line":76,"column":14},"end":{"line":76,"column":94}},"24":{"start":{"line":83,"column":10},"end":{"line":85,"column":15}},"25":{"start":{"line":84,"column":11},"end":{"line":84,"column":99}},"26":{"start":{"line":84,"column":51},"end":{"line":84,"column":98}},"27":{"start":{"line":88,"column":10},"end":{"line":96,"column":15}},"28":{"start":{"line":90,"column":11},"end":{"line":95,"column":13}},"29":{"start":{"line":91,"column":12},"end":{"line":93,"column":13}},"30":{"start":{"line":92,"column":13},"end":{"line":92,"column":85}},"31":{"start":{"line":94,"column":12},"end":{"line":94,"column":74}},"32":{"start":{"line":103,"column":36},"end":{"line":103,"column":73}},"33":{"start":{"line":105,"column":10},"end":{"line":105,"column":37}}},"fnMap":{"0":{"name":"webpackUniversalModuleDefinition","decl":{"start":{"line":9,"column":10},"end":{"line":9,"column":42}},"loc":{"start":{"line":9,"column":58},"end":{"line":18,"column":1}},"line":9},"1":{"name":"(anonymous_1)","decl":{"start":{"line":18,"column":9},"end":{"line":18,"column":10}},"loc":{"start":{"line":18,"column":15},"end":{"line":108,"column":1}},"line":18},"2":{"name":"(anonymous_2)","decl":{"start":{"line":19,"column":17},"end":{"line":19,"column":18}},"loc":{"start":{"line":19,"column":23},"end":{"line":106,"column":10}},"line":19},"3":{"name":"(anonymous_3)","decl":{"start":{"line":27,"column":7},"end":{"line":27,"column":8}},"loc":{"start":{"line":27,"column":78},"end":{"line":31,"column":7}},"line":27},"4":{"name":"(anonymous_4)","decl":{"start":{"line":37,"column":7},"end":{"line":37,"column":8}},"loc":{"start":{"line":37,"column":78},"end":{"line":41,"column":7}},"line":37},"5":{"name":"__webpack_require__","decl":{"start":{"line":49,"column":19},"end":{"line":49,"column":38}},"loc":{"start":{"line":49,"column":49},"end":{"line":67,"column":11}},"line":49},"6":{"name":"(anonymous_6)","decl":{"start":{"line":71,"column":11},"end":{"line":71,"column":12}},"loc":{"start":{"line":71,"column":17},"end":{"line":80,"column":11}},"line":71},"7":{"name":"(anonymous_7)","decl":{"start":{"line":73,"column":35},"end":{"line":73,"column":36}},"loc":{"start":{"line":73,"column":60},"end":{"line":79,"column":12}},"line":73},"8":{"name":"(anonymous_8)","decl":{"start":{"line":83,"column":11},"end":{"line":83,"column":12}},"loc":{"start":{"line":83,"column":17},"end":{"line":85,"column":11}},"line":83},"9":{"name":"(anonymous_9)","decl":{"start":{"line":84,"column":35},"end":{"line":84,"column":36}},"loc":{"start":{"line":84,"column":51},"end":{"line":84,"column":98}},"line":84},"10":{"name":"(anonymous_10)","decl":{"start":{"line":88,"column":11},"end":{"line":88,"column":12}},"loc":{"start":{"line":88,"column":17},"end":{"line":96,"column":11}},"line":88},"11":{"name":"(anonymous_11)","decl":{"start":{"line":90,"column":35},"end":{"line":90,"column":36}},"loc":{"start":{"line":90,"column":48},"end":{"line":95,"column":12}},"line":90}},"branchMap":{"0":{"loc":{"start":{"line":10,"column":1},"end":{"line":17,"column":29}},"type":"if","locations":[{"start":{"line":10,"column":1},"end":{"line":17,"column":29}},{"start":{"line":12,"column":6},"end":{"line":17,"column":29}}],"line":10},"1":{"loc":{"start":{"line":10,"column":4},"end":{"line":10,"column":61}},"type":"binary-expr","locations":[{"start":{"line":10,"column":4},"end":{"line":10,"column":31}},{"start":{"line":10,"column":35},"end":{"line":10,"column":61}}],"line":10},"2":{"loc":{"start":{"line":12,"column":6},"end":{"line":17,"column":29}},"type":"if","locations":[{"start":{"line":12,"column":6},"end":{"line":17,"column":29}},{"start":{"line":14,"column":6},"end":{"line":17,"column":29}}],"line":12},"3":{"loc":{"start":{"line":12,"column":9},"end":{"line":12,"column":51}},"type":"binary-expr","locations":[{"start":{"line":12,"column":9},"end":{"line":12,"column":37}},{"start":{"line":12,"column":41},"end":{"line":12,"column":51}}],"line":12},"4":{"loc":{"start":{"line":14,"column":6},"end":{"line":17,"column":29}},"type":"if","locations":[{"start":{"line":14,"column":6},"end":{"line":17,"column":29}},{"start":{"line":17,"column":2},"end":{"line":17,"column":29}}],"line":14},"5":{"loc":{"start":{"line":52,"column":11},"end":{"line":54,"column":12}},"type":"if","locations":[{"start":{"line":52,"column":11},"end":{"line":54,"column":12}},{"start":{},"end":{}}],"line":52},"6":{"loc":{"start":{"line":75,"column":13},"end":{"line":77,"column":14}},"type":"if","locations":[{"start":{"line":75,"column":13},"end":{"line":77,"column":14}},{"start":{},"end":{}}],"line":75},"7":{"loc":{"start":{"line":75,"column":16},"end":{"line":75,"column":94}},"type":"binary-expr","locations":[{"start":{"line":75,"column":16},"end":{"line":75,"column":54}},{"start":{"line":75,"column":58},"end":{"line":75,"column":94}}],"line":75},"8":{"loc":{"start":{"line":91,"column":12},"end":{"line":93,"column":13}},"type":"if","locations":[{"start":{"line":91,"column":12},"end":{"line":93,"column":13}},{"start":{},"end":{}}],"line":91},"9":{"loc":{"start":{"line":91,"column":15},"end":{"line":91,"column":66}},"type":"binary-expr","locations":[{"start":{"line":91,"column":15},"end":{"line":91,"column":44}},{"start":{"line":91,"column":48},"end":{"line":91,"column":66}}],"line":91}},"s":{"0":1,"1":1,"2":1,"3":0,"4":0,"5":0,"6":0,"7":0,"8":1,"9":1,"10":1,"11":1,"12":1,"13":2,"14":2,"15":0,"16":2,"17":2,"18":2,"19":1,"20":1,"21":2,"22":3,"23":3,"24":1,"25":1,"26":6,"27":1,"28":1,"29":2,"30":2,"31":2,"32":1,"33":1},"f":{"0":1,"1":1,"2":1,"3":1,"4":1,"5":2,"6":1,"7":2,"8":1,"9":6,"10":1,"11":2},"b":{"0":[1,0],"1":[1,1],"2":[0,0],"3":[0,0],"4":[0,0],"5":[0,2],"6":[3,0],"7":[3,3],"8":[2,0],"9":[2,2]},"_coverageSchema":"1a1c01bbd47fc00a2c39e90264f33305004495a9","hash":"a6fb5719214212cdce81d234a30e892afba94408"}
}
