TN:
SF:lib/bitmap.js
FN:9,webpackUniversalModuleDefinition
FN:18,(anonymous_1)
FN:19,(anonymous_2)
FN:27,(anonymous_3)
FN:37,(anonymous_4)
FN:49,__webpack_require__
FN:71,(anonymous_6)
FN:73,(anonymous_7)
FN:83,(anonymous_8)
FN:84,(anonymous_9)
FN:88,(anonymous_10)
FN:90,(anonymous_11)
FNF:12
FNH:12
FNDA:1,webpackUniversalModuleDefinition
FNDA:1,(anonymous_1)
FNDA:1,(anonymous_2)
FNDA:1,(anonymous_3)
FNDA:1,(anonymous_4)
FNDA:2,__webpack_require__
FNDA:1,(anonymous_6)
FNDA:2,(anonymous_7)
FNDA:1,(anonymous_8)
FNDA:6,(anonymous_9)
FNDA:1,(anonymous_10)
FNDA:2,(anonymous_11)
DA:9,1
DA:10,1
DA:11,1
DA:12,0
DA:13,0
DA:14,0
DA:15,0
DA:17,0
DA:19,1
DA:21,1
DA:29,1
DA:39,1
DA:46,1
DA:51,2
DA:52,2
DA:53,0
DA:56,2
DA:63,2
DA:66,2
DA:71,1
DA:73,1
DA:74,2
DA:75,3
DA:76,3
DA:83,1
DA:84,6
DA:88,1
DA:90,1
DA:91,2
DA:92,2
DA:94,2
DA:103,1
DA:105,1
LF:33
LH:27
BRDA:10,0,0,1
BRDA:10,0,1,0
BRDA:10,1,0,1
BRDA:10,1,1,1
BRDA:12,2,0,0
BRDA:12,2,1,0
BRDA:12,3,0,0
BRDA:12,3,1,0
BRDA:14,4,0,0
BRDA:14,4,1,0
BRDA:52,5,0,0
BRDA:52,5,1,2
BRDA:75,6,0,3
BRDA:75,6,1,0
BRDA:75,7,0,3
BRDA:75,7,1,3
BRDA:91,8,0,2
BRDA:91,8,1,0
BRDA:91,9,0,2
BRDA:91,9,1,2
BRF:20
BRH:10
end_of_record
